<?xml version="1.0" encoding="UTF-8"?>
<!-- Generated by org.testng.reporters.JUnitReportReporter -->
<testsuite hostname="INBOOK_X1_SLIM" failures="0" tests="5" name="vtiger_practice.TestNGPractice" time="0.044" errors="0" timestamp="2023-07-17T21:03:54 IST" skipped="0">
  <testcase classname="vtiger_practice.TestNGPractice" name="modifyCostomer" time="0.009"/>
  <system-out/>
  <testcase classname="vtiger_practice.TestNGPractice" name="deleteCostomer" time="0.014"/>
  <system-out/>
  <testcase classname="vtiger_practice.TestNGPractice" name="createCostomer" time="0.011"/>
  <system-out/>
  <testcase classname="vtiger_practice.TestNGPractice" name="createCostomer" time="0.005"/>
  <system-out/>
  <testcase classname="vtiger_practice.TestNGPractice" name="createCostomer" time="0.005"/>
  <system-out/>
</testsuite> <!-- vtiger_practice.TestNGPractice -->
