<?xml version="1.0" encoding="UTF-8"?>
<!-- Generated by org.testng.reporters.JUnitReportReporter -->
<testsuite hostname="INBOOK_X1_SLIM" failures="0" tests="1" name="vtiger.contact_module.CreateContactWithOrgnization" time="45.399" errors="0" timestamp="2023-07-17T20:15:10 IST" skipped="0">
  <testcase classname="vtiger.contact_module.CreateContactWithOrgnization" name="createContactWithOrgTest" time="45.399"/>
  <system-out/>
</testsuite> <!-- vtiger.contact_module.CreateContactWithOrgnization -->
