<?xml version="1.0" encoding="UTF-8"?>
<!-- Generated by org.testng.reporters.JUnitReportReporter -->
<testsuite hostname="INBOOK_X1_SLIM" failures="0" tests="1" name="vtiger_practice.ReadDataFromCmdLineTest" time="0.016" errors="0" timestamp="2023-08-01T20:11:03 IST" skipped="0">
  <testcase classname="vtiger_practice.ReadDataFromCmdLineTest" name="readi" time="0.016"/>
  <system-out/>
</testsuite> <!-- vtiger_practice.ReadDataFromCmdLineTest -->
